<?xml version="1.0" encoding="UTF-8"?>
<!-- Generated by org.testng.reporters.JUnitReportReporter -->
<testsuite hostname="RRT-DellG3-2K24" failures="0" tests="5" name="tests.HomePageTest" time="0.994" errors="0" timestamp="2025-03-25T11:54:27 IST" skipped="0">
  <testcase classname="tests.HomePageTest" name="checkDropDownItems" time="0.040"/>
  <system-out/>
  <testcase classname="tests.HomePageTest" name="sortDropDownFromDataProviderOptions" time="0.336"/>
  <system-out/>
  <testcase classname="tests.HomePageTest" name="sortDropDownFromDataProviderOptions" time="0.042"/>
  <system-out/>
  <testcase classname="tests.HomePageTest" name="sortDropDownFromDataProviderOptions" time="0.269"/>
  <system-out/>
  <testcase classname="tests.HomePageTest" name="sortDropDownFromDataProviderOptions" time="0.307"/>
  <system-out/>
</testsuite> <!-- tests.HomePageTest -->
