<?xml version="1.0" encoding="UTF-8"?>
<!-- Generated by org.testng.reporters.JUnitReportReporter -->
<testsuite hostname="RRT-DellG3-2K24" failures="0" tests="3" name="tests.LoginPageTest" time="0.865" errors="0" timestamp="2025-03-25T11:54:27 IST" skipped="0">
  <testcase classname="tests.LoginPageTest" name="testLoadPage" time="0.066"/>
  <system-out/>
  <testcase classname="tests.LoginPageTest" name="testEnterCredentials" time="0.236"/>
  <system-out/>
  <testcase classname="tests.LoginPageTest" name="loginSwagLabs" time="0.563"/>
  <system-out/>
</testsuite> <!-- tests.LoginPageTest -->
