<?xml version="1.0" encoding="UTF-8"?>
<!-- Generated by org.testng.reporters.JUnitReportReporter -->
<testsuite hostname="RRT-DellG3-2K24" failures="0" tests="5" name="tests.HomePageTest" time="0.509" errors="0" timestamp="2025-02-14T14:57:03 IST" skipped="0">
  <testcase classname="tests.HomePageTest" name="checkDropDownItems" time="0.084"/>
  <testcase classname="tests.HomePageTest" name="sortDropDownFromDataProviderOptions" time="0.124"/>
  <testcase classname="tests.HomePageTest" name="sortDropDownFromDataProviderOptions" time="0.083"/>
  <testcase classname="tests.HomePageTest" name="sortDropDownFromDataProviderOptions" time="0.104"/>
  <testcase classname="tests.HomePageTest" name="sortDropDownFromDataProviderOptions" time="0.114"/>
</testsuite> <!-- tests.HomePageTest -->
