<?xml version="1.0" encoding="UTF-8"?>
<!-- Generated by org.testng.reporters.JUnitReportReporter -->
<testsuite hostname="RRT-DellG3-2K24" failures="0" tests="5" name="tests.HomePageTest" time="0.520" errors="0" timestamp="2025-03-25T11:43:45 IST" skipped="0">
  <testcase classname="tests.HomePageTest" name="checkDropDownItems" time="0.085"/>
  <testcase classname="tests.HomePageTest" name="sortDropDownFromDataProviderOptions" time="0.114"/>
  <testcase classname="tests.HomePageTest" name="sortDropDownFromDataProviderOptions" time="0.083"/>
  <testcase classname="tests.HomePageTest" name="sortDropDownFromDataProviderOptions" time="0.132"/>
  <testcase classname="tests.HomePageTest" name="sortDropDownFromDataProviderOptions" time="0.106"/>
</testsuite> <!-- tests.HomePageTest -->
