<?xml version="1.0" encoding="UTF-8"?>
<!-- Generated by org.testng.reporters.JUnitReportReporter -->
<testsuite hostname="RRT-DellG3-2K24" failures="0" tests="3" name="tests.LoginPageTest" time="3.102" errors="0" timestamp="2025-02-14T14:57:03 IST" skipped="0">
  <testcase classname="tests.LoginPageTest" name="testLoadPage" time="0.033"/>
  <testcase classname="tests.LoginPageTest" name="testEnterCredentials" time="0.392"/>
  <testcase classname="tests.LoginPageTest" name="loginSwagLabs" time="2.677"/>
</testsuite> <!-- tests.LoginPageTest -->
