<?xml version="1.0" encoding="UTF-8"?>
<!-- Generated by org.testng.reporters.JUnitReportReporter -->
<testsuite hostname="RRT-DellG3-2K24" failures="0" tests="3" name="tests.LoginPageTest" time="0.945" errors="0" timestamp="2025-03-25T11:43:45 IST" skipped="0">
  <testcase classname="tests.LoginPageTest" name="testLoadPage" time="0.040"/>
  <testcase classname="tests.LoginPageTest" name="testEnterCredentials" time="0.292"/>
  <testcase classname="tests.LoginPageTest" name="loginSwagLabs" time="0.613"/>
</testsuite> <!-- tests.LoginPageTest -->
